2026-03-18 15:48:08 | Method: GET | Input: 
2026-03-18 15:48:08 | Method: GET | Input: 
2026-03-18 15:48:09 | Method: GET | Input: 
2026-03-18 15:48:09 | Method: GET | Input: 
2026-03-18 15:48:11 | Method: GET | Input: 
2026-03-18 15:48:11 | Method: GET | Input: 
2026-03-18 15:48:11 | Method: GET | Input: 
2026-03-18 15:48:11 | Method: GET | Input: 
2026-03-18 15:48:27 | Method: POST | Input: {"name":"สลัด"}
2026-03-18 15:48:30 | Method: GET | Input: 
2026-03-18 15:48:30 | Method: GET | Input: 
2026-03-18 15:48:31 | Method: GET | Input: 
2026-03-18 15:48:31 | Method: GET | Input: 
2026-03-18 15:48:33 | Method: GET | Input: 
2026-03-18 15:48:33 | Method: GET | Input: 
2026-03-18 15:48:33 | Method: GET | Input: 
2026-03-18 15:48:33 | Method: GET | Input: 
2026-03-18 15:53:42 | Method: POST | Input: {"name":"สลัด"}
2026-03-18 15:53:47 | Method: POST | Input: {"name":"แกง-ต้ม"}
2026-03-18 15:53:48 | Method: GET | Input: 
2026-03-18 15:53:48 | Method: GET | Input: 
2026-03-18 15:53:53 | Method: GET | Input: 
2026-03-18 15:53:53 | Method: GET | Input: 
2026-03-18 15:55:20 | Method: GET | Input: 
2026-03-18 15:55:20 | Method: GET | Input: 
2026-03-18 15:55:30 | Method: GET | Input: 
2026-03-18 15:55:30 | Method: GET | Input: 
2026-03-18 15:59:00 | Method: GET | Input: 
2026-03-18 15:59:00 | Method: GET | Input: 
2026-03-18 15:59:01 | Method: GET | Input: 
2026-03-18 15:59:01 | Method: GET | Input: 
2026-03-18 16:09:47 | Method: GET | Input: 
2026-03-18 16:09:47 | Method: GET | Input: 
2026-03-18 16:09:51 | Method: GET | Input: 
2026-03-18 16:09:51 | Method: GET | Input: 
2026-03-18 16:09:56 | Method: GET | Input: 
2026-03-18 16:09:56 | Method: GET | Input: 
2026-03-18 16:14:18 | Method: GET | Input: 
2026-03-18 16:14:18 | Method: GET | Input: 
2026-03-18 16:14:37 | Method: GET | Input: 
2026-03-18 16:14:37 | Method: GET | Input: 
2026-03-18 16:15:26 | Method: GET | Input: 
2026-03-18 16:15:26 | Method: GET | Input: 
2026-03-18 16:15:27 | Method: GET | Input: 
2026-03-18 16:15:27 | Method: GET | Input: 
2026-03-18 16:17:18 | Method: GET | Input: 
2026-03-18 16:17:18 | Method: GET | Input: 
2026-03-18 16:17:23 | Method: GET | Input: 
2026-03-18 16:17:23 | Method: GET | Input: 
2026-03-18 16:17:25 | Method: GET | Input: 
2026-03-18 16:17:25 | Method: GET | Input: 
2026-03-18 16:59:06 | Method: GET | Input: 
2026-03-18 16:59:06 | Method: GET | Input: 
2026-03-18 16:59:10 | Method: GET | Input: 
2026-03-18 16:59:10 | Method: GET | Input: 
2026-03-18 16:59:13 | Method: GET | Input: 
2026-03-18 16:59:13 | Method: GET | Input: 
2026-03-18 16:59:14 | Method: GET | Input: 
2026-03-18 16:59:14 | Method: GET | Input: 
2026-03-18 19:33:22 | Method: GET | Input: 
2026-03-18 19:33:22 | Method: GET | Input: 
2026-03-18 19:33:25 | Method: GET | Input: 
2026-03-18 19:33:25 | Method: GET | Input: 
2026-03-18 19:33:30 | Method: GET | Input: 
2026-03-18 19:33:30 | Method: GET | Input: 
2026-03-18 19:33:32 | Method: GET | Input: 
2026-03-18 19:33:32 | Method: GET | Input: 
2026-03-18 19:33:40 | Method: GET | Input: 
2026-03-18 19:33:40 | Method: GET | Input: 
2026-03-18 19:33:41 | Method: GET | Input: 
2026-03-18 19:33:41 | Method: GET | Input: 
2026-03-18 19:33:58 | Method: GET | Input: 
2026-03-18 19:33:58 | Method: GET | Input: 
2026-03-18 19:33:58 | Method: GET | Input: 
2026-03-18 19:33:58 | Method: GET | Input: 
2026-03-18 20:38:36 | Method: GET | Input: 
2026-03-18 20:38:36 | Method: GET | Input: 
2026-03-18 20:38:38 | Method: GET | Input: 
2026-03-18 20:38:38 | Method: GET | Input: 
2026-03-18 20:38:40 | Method: GET | Input: 
2026-03-18 20:38:40 | Method: GET | Input: 
2026-03-18 20:38:41 | Method: GET | Input: 
2026-03-18 20:38:41 | Method: GET | Input: 
2026-03-18 20:38:42 | Method: GET | Input: 
2026-03-18 20:38:42 | Method: GET | Input: 
2026-03-18 20:38:46 | Method: GET | Input: 
2026-03-18 20:38:46 | Method: GET | Input: 
2026-03-18 20:38:46 | Method: GET | Input: 
2026-03-18 20:38:46 | Method: GET | Input: 
2026-03-18 20:44:50 | Method: GET | Input: 
2026-03-18 20:44:50 | Method: GET | Input: 
2026-03-18 20:44:52 | Method: GET | Input: 
2026-03-18 20:44:52 | Method: GET | Input: 
2026-03-18 20:44:57 | Method: GET | Input: 
2026-03-18 20:44:57 | Method: GET | Input: 
2026-03-18 20:45:00 | Method: GET | Input: 
2026-03-18 20:45:00 | Method: GET | Input: 
2026-03-18 20:45:02 | Method: GET | Input: 
2026-03-18 20:45:02 | Method: GET | Input: 
2026-03-18 20:45:07 | Method: GET | Input: 
2026-03-18 20:45:07 | Method: GET | Input: 
2026-03-18 20:45:08 | Method: GET | Input: 
2026-03-18 20:45:08 | Method: GET | Input: 
2026-03-18 20:45:18 | Method: GET | Input: 
2026-03-18 20:45:18 | Method: GET | Input: 
2026-03-18 20:51:13 | Method: GET | Input: 
2026-03-18 20:51:13 | Method: GET | Input: 
2026-03-18 20:51:14 | Method: GET | Input: 
2026-03-18 20:51:14 | Method: GET | Input: 
2026-03-18 20:51:15 | Method: GET | Input: 
2026-03-18 20:51:15 | Method: GET | Input: 
2026-03-18 20:51:17 | Method: GET | Input: 
2026-03-18 20:51:17 | Method: GET | Input: 
2026-03-18 20:51:17 | Method: GET | Input: 
2026-03-18 20:51:17 | Method: GET | Input: 
2026-03-18 20:51:18 | Method: GET | Input: 
2026-03-18 20:51:18 | Method: GET | Input: 
2026-03-18 20:51:19 | Method: GET | Input: 
2026-03-18 20:51:19 | Method: GET | Input: 
2026-03-18 20:51:21 | Method: GET | Input: 
2026-03-18 20:51:21 | Method: GET | Input: 
2026-03-18 20:51:21 | Method: GET | Input: 
2026-03-18 20:51:21 | Method: GET | Input: 
2026-03-18 20:51:27 | Method: GET | Input: 
2026-03-18 20:51:27 | Method: GET | Input: 
2026-03-18 20:51:29 | Method: GET | Input: 
2026-03-18 20:51:29 | Method: GET | Input: 
2026-03-18 20:56:38 | Method: GET | Input: 
2026-03-18 20:56:38 | Method: GET | Input: 
2026-03-18 20:56:39 | Method: GET | Input: 
2026-03-18 20:56:39 | Method: GET | Input: 
2026-03-18 21:14:37 | Method: GET | Input: 
2026-03-18 21:14:37 | Method: GET | Input: 
2026-03-18 21:14:40 | Method: GET | Input: 
2026-03-18 21:14:40 | Method: GET | Input: 
2026-03-18 21:14:44 | Method: GET | Input: 
2026-03-18 21:14:44 | Method: GET | Input: 
2026-03-18 21:14:45 | Method: GET | Input: 
2026-03-18 21:14:45 | Method: GET | Input: 
2026-03-18 21:14:47 | Method: GET | Input: 
2026-03-18 21:14:47 | Method: GET | Input: 
2026-03-18 21:14:47 | Method: GET | Input: 
2026-03-18 21:14:47 | Method: GET | Input: 
2026-03-18 21:16:00 | Method: GET | Input: 
2026-03-18 21:16:00 | Method: GET | Input: 
2026-03-18 21:18:37 | Method: GET | Input: 
2026-03-18 21:18:37 | Method: GET | Input: 
2026-03-18 21:18:38 | Method: GET | Input: 
2026-03-18 21:18:38 | Method: GET | Input: 
2026-03-18 21:18:39 | Method: GET | Input: 
2026-03-18 21:18:39 | Method: GET | Input: 
2026-03-18 21:18:40 | Method: GET | Input: 
2026-03-18 21:18:40 | Method: GET | Input: 
2026-03-18 21:18:40 | Method: GET | Input: 
2026-03-18 21:18:40 | Method: GET | Input: 
2026-03-18 21:18:41 | Method: GET | Input: 
2026-03-18 21:18:41 | Method: GET | Input: 
2026-03-18 21:18:42 | Method: GET | Input: 
2026-03-18 21:18:42 | Method: GET | Input: 
2026-03-18 21:18:42 | Method: GET | Input: 
2026-03-18 21:18:42 | Method: GET | Input: 
2026-03-18 21:18:43 | Method: GET | Input: 
2026-03-18 21:18:43 | Method: GET | Input: 
2026-03-18 21:18:44 | Method: GET | Input: 
2026-03-18 21:18:44 | Method: GET | Input: 
2026-03-18 21:19:32 | Method: GET | Input: 
2026-03-18 21:19:32 | Method: GET | Input: 
2026-03-18 21:19:34 | Method: GET | Input: 
2026-03-18 21:19:34 | Method: GET | Input: 
2026-03-18 21:19:34 | Method: GET | Input: 
2026-03-18 21:19:34 | Method: GET | Input: 
2026-03-18 21:19:35 | Method: GET | Input: 
2026-03-18 21:19:35 | Method: GET | Input: 
2026-03-18 21:20:16 | Method: GET | Input: 
2026-03-18 21:20:16 | Method: GET | Input: 
2026-03-18 21:20:17 | Method: GET | Input: 
2026-03-18 21:20:17 | Method: GET | Input: 
2026-03-18 21:20:18 | Method: GET | Input: 
2026-03-18 21:20:18 | Method: GET | Input: 
2026-03-18 21:20:20 | Method: GET | Input: 
2026-03-18 21:20:20 | Method: GET | Input: 
2026-03-18 21:20:22 | Method: GET | Input: 
2026-03-18 21:20:22 | Method: GET | Input: 
2026-03-18 21:20:22 | Method: GET | Input: 
2026-03-18 21:20:22 | Method: GET | Input: 
2026-03-18 21:20:45 | Method: GET | Input: 
2026-03-18 21:20:45 | Method: GET | Input: 
2026-03-18 21:20:47 | Method: GET | Input: 
2026-03-18 21:20:47 | Method: GET | Input: 
2026-03-18 21:20:48 | Method: GET | Input: 
2026-03-18 21:20:48 | Method: GET | Input: 
2026-03-18 21:20:49 | Method: GET | Input: 
2026-03-18 21:20:49 | Method: GET | Input: 
2026-03-18 21:20:55 | Method: GET | Input: 
2026-03-18 21:20:55 | Method: GET | Input: 
2026-03-18 21:20:57 | Method: GET | Input: 
2026-03-18 21:20:57 | Method: GET | Input: 
2026-03-18 21:21:20 | Method: GET | Input: 
2026-03-18 21:21:20 | Method: GET | Input: 
2026-03-18 21:21:22 | Method: GET | Input: 
2026-03-18 21:21:22 | Method: GET | Input: 
2026-03-18 21:21:25 | Method: GET | Input: 
2026-03-18 21:21:25 | Method: GET | Input: 
2026-03-18 21:21:26 | Method: GET | Input: 
2026-03-18 21:21:26 | Method: GET | Input: 
2026-03-18 21:21:29 | Method: GET | Input: 
2026-03-18 21:21:29 | Method: GET | Input: 
2026-03-18 21:21:33 | Method: GET | Input: 
2026-03-18 21:21:33 | Method: GET | Input: 
2026-03-18 21:21:45 | Method: GET | Input: 
2026-03-18 21:21:45 | Method: GET | Input: 
2026-03-18 21:21:46 | Method: GET | Input: 
2026-03-18 21:21:46 | Method: GET | Input: 
2026-03-18 21:21:47 | Method: GET | Input: 
2026-03-18 21:21:47 | Method: GET | Input: 
2026-03-18 21:21:48 | Method: GET | Input: 
2026-03-18 21:21:48 | Method: GET | Input: 
2026-03-18 21:21:49 | Method: GET | Input: 
2026-03-18 21:21:49 | Method: GET | Input: 
2026-03-18 21:21:50 | Method: GET | Input: 
2026-03-18 21:21:50 | Method: GET | Input: 
2026-03-18 21:21:50 | Method: GET | Input: 
2026-03-18 21:21:50 | Method: GET | Input: 
2026-03-18 21:24:02 | Method: GET | Input: 
2026-03-18 21:24:02 | Method: GET | Input: 
2026-03-18 21:24:02 | Method: GET | Input: 
2026-03-18 21:24:02 | Method: GET | Input: 
2026-03-18 21:24:30 | Method: GET | Input: 
2026-03-18 21:24:30 | Method: GET | Input: 
2026-03-18 21:24:31 | Method: GET | Input: 
2026-03-18 21:24:31 | Method: GET | Input: 
2026-03-18 21:24:32 | Method: GET | Input: 
2026-03-18 21:24:32 | Method: GET | Input: 
2026-03-18 21:24:33 | Method: GET | Input: 
2026-03-18 21:24:33 | Method: GET | Input: 
2026-03-18 21:24:34 | Method: GET | Input: 
2026-03-18 21:24:34 | Method: GET | Input: 
2026-03-18 21:24:34 | Method: GET | Input: 
2026-03-18 21:24:34 | Method: GET | Input: 
2026-03-18 21:24:35 | Method: GET | Input: 
2026-03-18 21:24:35 | Method: GET | Input: 
2026-03-18 21:24:35 | Method: GET | Input: 
2026-03-18 21:24:35 | Method: GET | Input: 
2026-03-18 21:24:37 | Method: GET | Input: 
2026-03-18 21:24:37 | Method: GET | Input: 
2026-03-18 21:24:38 | Method: GET | Input: 
2026-03-18 21:24:39 | Method: GET | Input: 
2026-03-18 21:24:40 | Method: GET | Input: 
2026-03-18 21:24:40 | Method: GET | Input: 
2026-03-18 21:24:40 | Method: GET | Input: 
2026-03-18 21:24:40 | Method: GET | Input: 
2026-03-18 21:24:47 | Method: POST | Input: {"name":"น้ำเย็น"}
2026-03-18 21:24:52 | Method: POST | Input: {"name":"เค้ก"}
2026-03-18 21:24:54 | Method: DELETE | Input: 
2026-03-18 21:25:00 | Method: POST | Input: {"name":"น้ำสดชื่น"}
2026-03-18 21:25:02 | Method: GET | Input: 
2026-03-18 21:25:02 | Method: GET | Input: 
2026-03-18 21:25:03 | Method: GET | Input: 
2026-03-18 21:25:03 | Method: GET | Input: 
2026-03-18 21:25:39 | Method: GET | Input: 
2026-03-18 21:25:39 | Method: GET | Input: 
2026-03-18 21:25:59 | Method: GET | Input: 
2026-03-18 21:25:59 | Method: GET | Input: 
2026-03-18 21:26:01 | Method: GET | Input: 
2026-03-18 21:26:01 | Method: GET | Input: 
2026-03-18 21:26:19 | Method: GET | Input: 
2026-03-18 21:26:19 | Method: GET | Input: 
2026-03-18 21:26:23 | Method: GET | Input: 
2026-03-18 21:26:23 | Method: GET | Input: 
2026-03-18 21:26:24 | Method: GET | Input: 
2026-03-18 21:26:24 | Method: GET | Input: 
2026-03-18 21:27:00 | Method: GET | Input: 
2026-03-18 21:27:00 | Method: GET | Input: 
2026-03-18 21:27:01 | Method: GET | Input: 
2026-03-18 21:27:01 | Method: GET | Input: 
2026-03-18 21:27:09 | Method: GET | Input: 
2026-03-18 21:27:09 | Method: GET | Input: 
2026-03-18 21:27:21 | Method: GET | Input: 
2026-03-18 21:27:21 | Method: GET | Input: 
2026-03-18 21:27:22 | Method: GET | Input: 
2026-03-18 21:27:22 | Method: GET | Input: 
2026-03-18 21:27:22 | Method: GET | Input: 
2026-03-18 21:27:22 | Method: GET | Input: 
2026-03-18 21:27:23 | Method: GET | Input: 
2026-03-18 21:27:23 | Method: GET | Input: 
2026-03-18 21:29:21 | Method: GET | Input: 
2026-03-18 21:29:21 | Method: GET | Input: 
2026-03-18 21:33:44 | Method: GET | Input: 
2026-03-18 21:33:44 | Method: GET | Input: 
2026-03-18 21:33:45 | Method: GET | Input: 
2026-03-18 21:33:45 | Method: GET | Input: 
2026-03-18 21:47:48 | Method: GET | Input: 
2026-03-18 21:47:48 | Method: GET | Input: 
2026-03-18 21:47:50 | Method: GET | Input: 
2026-03-18 21:47:50 | Method: GET | Input: 
2026-03-18 21:47:51 | Method: GET | Input: 
2026-03-18 21:47:51 | Method: GET | Input: 
2026-03-18 21:47:53 | Method: GET | Input: 
2026-03-18 21:47:53 | Method: GET | Input: 
2026-03-18 21:47:58 | Method: GET | Input: 
2026-03-18 21:47:58 | Method: GET | Input: 
2026-03-18 21:47:58 | Method: GET | Input: 
2026-03-18 21:47:58 | Method: GET | Input: 
2026-03-18 21:47:59 | Method: GET | Input: 
2026-03-18 21:47:59 | Method: GET | Input: 
2026-03-18 21:48:00 | Method: GET | Input: 
2026-03-18 21:48:00 | Method: GET | Input: 
2026-03-18 21:50:45 | Method: GET | Input: 
2026-03-18 21:50:45 | Method: GET | Input: 
2026-03-18 21:50:46 | Method: GET | Input: 
2026-03-18 21:50:46 | Method: GET | Input: 
2026-03-18 21:50:47 | Method: GET | Input: 
2026-03-18 21:50:47 | Method: GET | Input: 
2026-03-18 21:50:51 | Method: GET | Input: 
2026-03-18 21:50:51 | Method: GET | Input: 
2026-03-18 21:51:38 | Method: GET | Input: 
2026-03-18 21:51:38 | Method: GET | Input: 
2026-03-18 21:51:43 | Method: GET | Input: 
2026-03-18 21:51:43 | Method: GET | Input: 
2026-03-18 21:51:46 | Method: GET | Input: 
2026-03-18 21:51:46 | Method: GET | Input: 
2026-03-18 21:51:47 | Method: GET | Input: 
2026-03-18 21:51:47 | Method: GET | Input: 
2026-03-18 21:51:51 | Method: GET | Input: 
2026-03-18 21:51:51 | Method: GET | Input: 
2026-03-18 21:51:52 | Method: GET | Input: 
2026-03-18 21:51:52 | Method: GET | Input: 
2026-03-18 21:51:56 | Method: GET | Input: 
2026-03-18 21:51:56 | Method: GET | Input: 
2026-03-18 21:52:41 | Method: GET | Input: 
2026-03-18 21:52:41 | Method: GET | Input: 
2026-03-18 21:52:45 | Method: GET | Input: 
2026-03-18 21:52:45 | Method: GET | Input: 
2026-03-18 21:54:13 | Method: GET | Input: 
2026-03-18 21:54:13 | Method: GET | Input: 
2026-03-18 21:54:14 | Method: GET | Input: 
2026-03-18 21:54:14 | Method: GET | Input: 
2026-03-18 21:54:18 | Method: GET | Input: 
2026-03-18 21:54:18 | Method: GET | Input: 
2026-03-18 21:54:19 | Method: GET | Input: 
2026-03-18 21:54:19 | Method: GET | Input: 
2026-03-18 21:55:33 | Method: GET | Input: 
2026-03-18 21:55:33 | Method: GET | Input: 
2026-03-18 21:55:34 | Method: GET | Input: 
2026-03-18 21:55:34 | Method: GET | Input: 
2026-03-18 21:55:35 | Method: GET | Input: 
2026-03-18 21:55:35 | Method: GET | Input: 
2026-03-18 21:55:42 | Method: GET | Input: 
2026-03-18 21:55:42 | Method: GET | Input: 
2026-03-18 21:55:45 | Method: GET | Input: 
2026-03-18 21:55:45 | Method: GET | Input: 
2026-03-18 21:56:23 | Method: GET | Input: 
2026-03-18 21:56:23 | Method: GET | Input: 
2026-03-18 21:56:29 | Method: GET | Input: 
2026-03-18 21:56:29 | Method: GET | Input: 
2026-03-18 21:57:17 | Method: GET | Input: 
2026-03-18 21:57:17 | Method: GET | Input: 
2026-03-18 21:57:18 | Method: GET | Input: 
2026-03-18 21:57:19 | Method: GET | Input: 
2026-03-18 21:57:19 | Method: GET | Input: 
2026-03-18 21:57:19 | Method: GET | Input: 
2026-03-18 21:57:23 | Method: GET | Input: 
2026-03-18 21:57:23 | Method: GET | Input: 
2026-03-18 21:57:25 | Method: GET | Input: 
2026-03-18 21:57:25 | Method: GET | Input: 
2026-03-18 21:57:28 | Method: GET | Input: 
2026-03-18 21:57:28 | Method: GET | Input: 
2026-03-18 21:57:29 | Method: GET | Input: 
2026-03-18 21:57:29 | Method: GET | Input: 
2026-03-18 21:57:37 | Method: GET | Input: 
2026-03-18 21:57:37 | Method: GET | Input: 
2026-03-18 21:57:41 | Method: GET | Input: 
2026-03-18 21:57:41 | Method: GET | Input: 
2026-03-18 21:57:42 | Method: GET | Input: 
2026-03-18 21:57:42 | Method: GET | Input: 
2026-03-18 21:58:13 | Method: GET | Input: 
2026-03-18 21:58:13 | Method: GET | Input: 
2026-03-18 21:58:57 | Method: GET | Input: 
2026-03-18 21:58:57 | Method: GET | Input: 
2026-03-18 21:58:58 | Method: GET | Input: 
2026-03-18 21:58:58 | Method: GET | Input: 
2026-03-18 21:59:04 | Method: GET | Input: 
2026-03-18 21:59:04 | Method: GET | Input: 
2026-03-18 21:59:05 | Method: GET | Input: 
2026-03-18 21:59:05 | Method: GET | Input: 
2026-03-18 21:59:07 | Method: GET | Input: 
2026-03-18 21:59:07 | Method: GET | Input: 
2026-03-18 21:59:44 | Method: GET | Input: 
2026-03-18 21:59:44 | Method: GET | Input: 
2026-03-18 21:59:48 | Method: GET | Input: 
2026-03-18 21:59:48 | Method: GET | Input: 
2026-03-18 21:59:50 | Method: GET | Input: 
2026-03-18 21:59:50 | Method: GET | Input: 
2026-03-18 21:59:52 | Method: GET | Input: 
2026-03-18 21:59:52 | Method: GET | Input: 
2026-03-18 21:59:53 | Method: GET | Input: 
2026-03-18 21:59:53 | Method: GET | Input: 
2026-03-18 21:59:54 | Method: GET | Input: 
2026-03-18 21:59:54 | Method: GET | Input: 
2026-03-18 21:59:55 | Method: GET | Input: 
2026-03-18 21:59:55 | Method: GET | Input: 
2026-03-18 21:59:57 | Method: GET | Input: 
2026-03-18 21:59:57 | Method: GET | Input: 
